# JRE version: Java(TM) SE Runtime Environment (9.0+11) (build 9.0.4+11)
# Java VM: Java HotSpot(TM) 64-Bit Server VM (9.0.4+11, mixed mode, tiered, compressed oops, g1 gc, windows-amd64)
Heap:
 garbage-first heap   total 131072K, used 76779K [0x0000000700000000, 0x0000000700100400, 0x00000007c0000000)
  region size 1024K, 22 young (22528K), 6 survivors (6144K)
 Metaspace       used 63478K, capacity 66662K, committed 66688K, reserved 1105920K
  class space    used 8746K, capacity 9327K, committed 9344K, reserved 1048576K
GC Heap History (10 events):
Event: 21.288 GC heap before
{Heap before GC invocations=12 (full 0):
 garbage-first heap   total 131072K, used 67008K [0x0000000700000000, 0x0000000700100400, 0x00000007c0000000)
  region size 1024K, 6 young (6144K), 2 survivors (2048K)
 Metaspace       used 48862K, capacity 51026K, committed 51200K, reserved 1093632K
  class space    used 6435K, capacity 6861K, committed 6912K, reserved 1048576K
}
Event: 21.294 GC heap after
{Heap after GC invocations=13 (full 0):
 garbage-first heap   total 131072K, used 58422K [0x0000000700000000, 0x0000000700100400, 0x00000007c0000000)
  region size 1024K, 3 young (3072K), 3 survivors (3072K)
 Metaspace       used 48862K, capacity 51026K, committed 51200K, reserved 1093632K
  class space    used 6435K, capacity 6861K, committed 6912K, reserved 1048576K
}
Event: 24.572 GC heap before
{Heap before GC invocations=14 (full 0):
 garbage-first heap   total 131072K, used 75830K [0x0000000700000000, 0x0000000700100400, 0x00000007c0000000)
  region size 1024K, 20 young (20480K), 3 survivors (3072K)
 Metaspace       used 51729K, capacity 54370K, committed 54400K, reserved 1095680K
  class space    used 6788K, capacity 7287K, committed 7296K, reserved 1048576K
}
Event: 24.772 GC heap after
{Heap after GC invocations=15 (full 1):
 garbage-first heap   total 131072K, used 52021K [0x0000000700000000, 0x0000000700100400, 0x00000007c0000000)
  region size 1024K, 0 young (0K), 0 survivors (0K)
 Metaspace       used 51729K, capacity 54370K, committed 54400K, reserved 1095680K
  class space    used 6788K, capacity 7287K, committed 7296K, reserved 1048576K
}
Event: 28.387 GC heap before
{Heap before GC invocations=15 (full 1):
 garbage-first heap   total 131072K, used 114485K [0x0000000700000000, 0x0000000700100400, 0x00000007c0000000)
  region size 1024K, 60 young (61440K), 0 survivors (0K)
 Metaspace       used 59879K, capacity 62712K, committed 62976K, reserved 1103872K
  class space    used 8325K, capacity 8844K, committed 8960K, reserved 1048576K
}
Event: 28.398 GC heap after
{Heap after GC invocations=16 (full 1):
 garbage-first heap   total 131072K, used 60605K [0x0000000700000000, 0x0000000700100400, 0x00000007c0000000)
  region size 1024K, 8 young (8192K), 8 survivors (8192K)
 Metaspace       used 59879K, capacity 62712K, committed 62976K, reserved 1103872K
  class space    used 8325K, capacity 8844K, committed 8960K, reserved 1048576K
}
Event: 30.294 GC heap before
{Heap before GC invocations=16 (full 1):
 garbage-first heap   total 131072K, used 113853K [0x0000000700000000, 0x0000000700100400, 0x00000007c0000000)
  region size 1024K, 60 young (61440K), 8 survivors (8192K)
 Metaspace       used 61450K, capacity 64546K, committed 64640K, reserved 1105920K
  class space    used 8506K, capacity 9067K, committed 9088K, reserved 1048576K
}
Event: 30.308 GC heap after
{Heap after GC invocations=17 (full 1):
 garbage-first heap   total 131072K, used 60201K [0x0000000700000000, 0x0000000700100400, 0x00000007c0000000)
  region size 1024K, 5 young (5120K), 5 survivors (5120K)
 Metaspace       used 61450K, capacity 64546K, committed 64640K, reserved 1105920K
  class space    used 8506K, capacity 9067K, committed 9088K, reserved 1048576K
}
Event: 34.623 GC heap before
{Heap before GC invocations=17 (full 1):
 garbage-first heap   total 131072K, used 116521K [0x0000000700000000, 0x0000000700100400, 0x00000007c0000000)
  region size 1024K, 60 young (61440K), 5 survivors (5120K)
 Metaspace       used 63354K, capacity 66522K, committed 66688K, reserved 1105920K
  class space    used 8743K, capacity 9325K, committed 9344K, reserved 1048576K
}
Event: 34.635 GC heap after
{Heap after GC invocations=18 (full 1):
 garbage-first heap   total 131072K, used 61419K [0x0000000700000000, 0x0000000700100400, 0x00000007c0000000)
  region size 1024K, 6 young (6144K), 6 survivors (6144K)
 Metaspace       used 63354K, capacity 66522K, committed 66688K, reserved 1105920K
  class space    used 8743K, capacity 9325K, committed 9344K, reserved 1048576K
}

